<?xml version="1.0" encoding="UTF-8"?>
<testsuite xmlns:xsi="http://www.w3.org/2001/XMLSchema-instance" xsi:noNamespaceSchemaLocation="https://maven.apache.org/surefire/maven-surefire-plugin/xsd/surefire-test-report-3.0.xsd" version="3.0" name="com.example.library.BorrowReturnIntegrationTest" time="0.603" tests="1" errors="0" skipped="0" failures="0">
  <properties>
[...]
</properties>
  <testcase name="testBorrowAndReturnFlow" classname="com.example.library.BorrowReturnIntegrationTest" time="0.581">
    <system-out><![CDATA[2025-10-21 09:02:04.786 [main] INFO  c.example.library.db.DatabaseManager - Database schema initialized successfully.
2025-10-21 09:02:04.800 [main] INFO  com.example.library.dao.JdbcUserDao - Added user: Student{userId=1, name='integration_tester', department='Test Dept', yearOfStudy=1}
2025-10-21 09:02:04.808 [main] INFO  com.example.library.dao.JdbcBookDao - Added book: Book{bookId=1, title='Integration Test Book', author='Tester', isAvailable=true, categoryId=1}
2025-10-21 09:02:04.819 [main] INFO  c.e.library.dao.JdbcTransactionDao - Added transaction: Transaction{transactionId=1, userId=1, bookId=1, borrowDate=2025-10-21, dueDate=2025-11-04, returnDate=null, fineAmount=0.0}
2025-10-21 09:02:04.828 [main] INFO  com.example.library.dao.JdbcBookDao - Updated book: Book{bookId=1, title='Integration Test Book', author='Tester', isAvailable=false, categoryId=1}
2025-10-21 09:02:04.829 [main] INFO  c.e.library.service.LibraryService - User integration_tester borrowed book Integration Test Book
Notification for integration_tester: You have successfully borrowed 'Integration Test Book'. Due date: 2025-11-04
2025-10-21 09:02:04.830 [main] INFO  c.e.l.service.NotificationService - Sent notification to user 1: You have successfully borrowed 'Integration Test Book'. Due date: 2025-11-04
2025-10-21 09:02:04.845 [main] INFO  c.e.library.dao.JdbcTransactionDao - Updated transaction: Transaction{transactionId=1, userId=1, bookId=1, borrowDate=2025-10-21, dueDate=2025-11-04, returnDate=2025-10-21, fineAmount=0.0}
2025-10-21 09:02:04.848 [main] INFO  com.example.library.dao.JdbcBookDao - Updated book: Book{bookId=1, title='Integration Test Book', author='Tester', isAvailable=true, categoryId=1}
2025-10-21 09:02:04.848 [main] INFO  c.e.library.service.LibraryService - Book Integration Test Book returned.
Book returned successfully.
]]></system-out>
  </testcase>
</testsuite>